node:internal/modules/cjs/loader:1503
  throw err;
  ^

Error: Cannot find module 'express'
Require stack:
- c:\Users\叉虫\CodeBuddy\20260521230918\server.js
    at Module._resolveFilename (node:internal/modules/cjs/loader:1500:15)
    at wrapResolveFilename (node:internal/modules/cjs/loader:1071:27)
    at defaultResolveImplForCJSLoading (node:internal/modules/cjs/loader:1095:10)
    at resolveForCJSWithHooks (node:internal/modules/cjs/loader:1116:12)
    at Module._load (node:internal/modules/cjs/loader:1285:25)
    at wrapModuleLoad (node:internal/modules/cjs/loader:255:19)
    at Module.require (node:internal/modules/cjs/loader:1600:12)
    at require (node:internal/modules/helpers:153:16)
    at Object.<anonymous> (c:\Users\叉虫\CodeBuddy\20260521230918\server.js:1:17)
    at Module._compile (node:internal/modules/cjs/loader:1854:14) {
  code: 'MODULE_NOT_FOUND',
  requireStack: [ 'c:\\Users\\叉虫\\CodeBuddy\\20260521230918\\server.js' ]
}

Node.js v24.16.0
